================================================================================

 SeaSeis Version 2.05   (built  Apr 21 2018 15:30:24)
 Date: Tue Dec 19 09:19:15 2023


================================================================================


Pre-parse input file 't02_create_image.flow'...

Pre-parser summary:

  Parsed  30 lines,
   found   0 'define' statement(s),
           0 table(s), and
           1 module(s).

Input flow 't02_create_image.flow':

#--------------------------------------------------------------
# Example SeaSeis flow
# Date: 7 Nov 2011
# SeaSeis version v1.12
#

$IMAGE
 filename             images/t02_image.png
 seismic_filename     data/t01_pseudo_data.cseis
 temp_dir             data
 width                400  
 height               800  
 trace_spacing        even  
 header               rcv
 title                "Example data image"
 fontsize             12
 disp_scalar          20
 scale_type           scalar  
 wiggle               linear  
 vi_type              spline
 pos_fill             yes  
 neg_fill             no
 var_color            no  
 show_zero_lines      no
 show_time_lines      yes  
 time_major_inc       2500
 time_minor_inc       500
 time_max_decimals    1
 vi_color_map         cold_warm
 trace_clip           10

End of flow.
================================================================================

Run init phase...


Run INIT phase for module  #1     IMAGE...
Error: Unknown user specified parameter: 'Æ'
Error: Unknown user specified parameter: 'fsl'


Module #1 IMAGE:
 FATAL ERROR occurred in INIT phase.
 Error occurred while checking module parameters. See log file for details.
 Flow terminated.

